This is pdfTeX, Version 3.14159265-2.6-1.40.20 (MiKTeX 2.9.6960 64-bit) (preloaded format=pdflatex 2019.3.11)  20 NOV 2019 20:31
entering extended mode
**./diss_subset2.tex
(diss_subset2.tex
LaTeX2e <2018-12-01>
(ksudiss.cls
Document Class: ksudiss 2019/08/27 v4.0 LaTeX document class for doctoral disse
rtations in the College of Arts and Sciences at Kent State University

ksudiss: Use option 'bound' to make left/inner margins 1.5in (instead of 1in). 
Use option 'signed' to produce with a Signature Page suitable for signing. All 
options for the standard LaTeX class 'report' work as they should.

("C:\Program Files\MiKTeX 2.9\tex/latex/base\report.cls"
Document Class: report 2018/09/03 v1.4i Standard LaTeX document class
("C:\Program Files\MiKTeX 2.9\tex/latex/base\size11.clo"
File: size11.clo 2018/09/03 v1.4i Standard LaTeX file (size option)
)
\c@part=\count80
\c@chapter=\count81
\c@section=\count82
\c@subsection=\count83
\c@subsubsection=\count84
\c@paragraph=\count85
\c@subparagraph=\count86
\c@figure=\count87
\c@table=\count88
\abovecaptionskip=\skip41
\belowcaptionskip=\skip42
\bibindent=\dimen102
)
("C:\Program Files\MiKTeX 2.9\tex/latex/tools\calc.sty"
Package: calc 2017/05/25 v4.3 Infix arithmetic (KKT,FJ)
\calc@Acount=\count89
\calc@Bcount=\count90
\calc@Adimen=\dimen103
\calc@Bdimen=\dimen104
\calc@Askip=\skip43
\calc@Bskip=\skip44
LaTeX Info: Redefining \setlength on input line 80.
LaTeX Info: Redefining \addtolength on input line 81.
\calc@Ccount=\count91
\calc@Cskip=\skip45
)
("C:\Program Files\MiKTeX 2.9\tex/latex/geometry\geometry.sty"
Package: geometry 2018/04/16 v5.8 Page Geometry

("C:\Program Files\MiKTeX 2.9\tex/latex/graphics\keyval.sty"
Package: keyval 2014/10/28 v1.15 key=value parser (DPC)
\KV@toks@=\toks14
)
("C:\Program Files\MiKTeX 2.9\tex/generic/oberdiek\ifpdf.sty"
Package: ifpdf 2018/09/07 v3.3 Provides the ifpdf switch
)
("C:\Program Files\MiKTeX 2.9\tex/generic/oberdiek\ifvtex.sty"
Package: ifvtex 2016/05/16 v1.6 Detect VTeX and its facilities (HO)
Package ifvtex Info: VTeX not detected.
)
("C:\Program Files\MiKTeX 2.9\tex/generic/ifxetex\ifxetex.sty"
Package: ifxetex 2010/09/12 v0.6 Provides ifxetex conditional
)
\Gm@cnth=\count92
\Gm@cntv=\count93
\c@Gm@tempcnt=\count94
\Gm@bindingoffset=\dimen105
\Gm@wd@mp=\dimen106
\Gm@odd@mp=\dimen107
\Gm@even@mp=\dimen108
\Gm@layoutwidth=\dimen109
\Gm@layoutheight=\dimen110
\Gm@layouthoffset=\dimen111
\Gm@layoutvoffset=\dimen112
\Gm@dimlist=\toks15

("C:\Program Files\MiKTeX 2.9\tex/latex/geometry\geometry.cfg"))
("C:\Program Files\MiKTeX 2.9\tex/latex/carlisle\remreset.sty"

Package remreset Warning: The remreset package is obsolete:
(remreset)                \@removefomresset is defined.

)
\halfinch=\skip46
\@membersboxwd=\skip47
\@chairboxwd=\skip48
\@maxwd=\skip49
\@raise=\skip50
\@skip=\skip51
\@tinyskip=\skip52
\@doubleskip=\skip53
) ("C:\Program Files\MiKTeX 2.9\tex/latex/graphics\epsfig.sty"
Package: epsfig 2017/06/25 v1.7b (e)psfig emulation (SPQR)

("C:\Program Files\MiKTeX 2.9\tex/latex/graphics\graphicx.sty"
Package: graphicx 2017/06/01 v1.1a Enhanced LaTeX Graphics (DPC,SPQR)

("C:\Program Files\MiKTeX 2.9\tex/latex/graphics\graphics.sty"
Package: graphics 2017/06/25 v1.2c Standard LaTeX Graphics (DPC,SPQR)

("C:\Program Files\MiKTeX 2.9\tex/latex/graphics\trig.sty"
Package: trig 2016/01/03 v1.10 sin cos tan (DPC)
)
("C:\Program Files\MiKTeX 2.9\tex/latex/graphics-cfg\graphics.cfg"
File: graphics.cfg 2016/06/04 v1.11 sample graphics configuration
)
Package graphics Info: Driver file: pdftex.def on input line 99.

("C:\Program Files\MiKTeX 2.9\tex/latex/graphics-def\pdftex.def"
File: pdftex.def 2018/01/08 v1.0l Graphics/color driver for pdftex
))
\Gin@req@height=\dimen113
\Gin@req@width=\dimen114
)
\epsfxsize=\dimen115
\epsfysize=\dimen116
)
("C:\Program Files\MiKTeX 2.9\tex/latex/amsmath\amsmath.sty"
Package: amsmath 2018/12/01 v2.17b AMS math features
\@mathmargin=\skip54

For additional information on amsmath, use the `?' option.
("C:\Program Files\MiKTeX 2.9\tex/latex/amsmath\amstext.sty"
Package: amstext 2000/06/29 v2.01 AMS text

("C:\Program Files\MiKTeX 2.9\tex/latex/amsmath\amsgen.sty"
File: amsgen.sty 1999/11/30 v2.0 generic functions
\@emptytoks=\toks16
\ex@=\dimen117
))
("C:\Program Files\MiKTeX 2.9\tex/latex/amsmath\amsbsy.sty"
Package: amsbsy 1999/11/29 v1.2d Bold Symbols
\pmbraise@=\dimen118
)
("C:\Program Files\MiKTeX 2.9\tex/latex/amsmath\amsopn.sty"
Package: amsopn 2016/03/08 v2.02 operator names
)
\inf@bad=\count95
LaTeX Info: Redefining \frac on input line 223.
\uproot@=\count96
\leftroot@=\count97
LaTeX Info: Redefining \overline on input line 385.
\classnum@=\count98
\DOTSCASE@=\count99
LaTeX Info: Redefining \ldots on input line 482.
LaTeX Info: Redefining \dots on input line 485.
LaTeX Info: Redefining \cdots on input line 606.
\Mathstrutbox@=\box27
\strutbox@=\box28
\big@size=\dimen119
LaTeX Font Info:    Redeclaring font encoding OML on input line 729.
LaTeX Font Info:    Redeclaring font encoding OMS on input line 730.
\macc@depth=\count100
\c@MaxMatrixCols=\count101
\dotsspace@=\muskip10
\c@parentequation=\count102
\dspbrk@lvl=\count103
\tag@help=\toks17
\row@=\count104
\column@=\count105
\maxfields@=\count106
\andhelp@=\toks18
\eqnshift@=\dimen120
\alignsep@=\dimen121
\tagshift@=\dimen122
\tagwidth@=\dimen123
\totwidth@=\dimen124
\lineht@=\dimen125
\@envbody=\toks19
\multlinegap=\skip55
\multlinetaggap=\skip56
\mathdisplay@stack=\toks20
LaTeX Info: Redefining \[ on input line 2844.
LaTeX Info: Redefining \] on input line 2845.
)
("C:\Program Files\MiKTeX 2.9\tex/latex/oberdiek\epstopdf.sty"
Package: epstopdf 2016/05/15 v2.6 Conversion with epstopdf on the fly (HO)

("C:\Program Files\MiKTeX 2.9\tex/latex/oberdiek\epstopdf-base.sty"
Package: epstopdf-base 2016/05/15 v2.6 Base part for package epstopdf

("C:\Program Files\MiKTeX 2.9\tex/generic/oberdiek\infwarerr.sty"
Package: infwarerr 2016/05/16 v1.4 Providing info/warning/error messages (HO)
)
("C:\Program Files\MiKTeX 2.9\tex/latex/oberdiek\grfext.sty"
Package: grfext 2016/05/16 v1.2 Manage graphics extensions (HO)

("C:\Program Files\MiKTeX 2.9\tex/generic/oberdiek\kvdefinekeys.sty"
Package: kvdefinekeys 2016/05/16 v1.4 Define keys (HO)

("C:\Program Files\MiKTeX 2.9\tex/generic/oberdiek\ltxcmds.sty"
Package: ltxcmds 2016/05/16 v1.23 LaTeX kernel commands for general use (HO)
)))
("C:\Program Files\MiKTeX 2.9\tex/latex/oberdiek\kvoptions.sty"
Package: kvoptions 2016/05/16 v3.12 Key value format for package options (HO)

("C:\Program Files\MiKTeX 2.9\tex/generic/oberdiek\kvsetkeys.sty"
Package: kvsetkeys 2016/05/16 v1.17 Key value parser (HO)

("C:\Program Files\MiKTeX 2.9\tex/generic/oberdiek\etexcmds.sty"
Package: etexcmds 2016/05/16 v1.6 Avoid name clashes with e-TeX commands (HO)

("C:\Program Files\MiKTeX 2.9\tex/generic/oberdiek\ifluatex.sty"
Package: ifluatex 2016/05/16 v1.4 Provides the ifluatex switch (HO)
Package ifluatex Info: LuaTeX not detected.
))))
("C:\Program Files\MiKTeX 2.9\tex/generic/oberdiek\pdftexcmds.sty"
Package: pdftexcmds 2018/09/10 v0.29 Utility functions of pdfTeX for LuaTeX (HO
)
Package pdftexcmds Info: LuaTeX not detected.
Package pdftexcmds Info: \pdf@primitive is available.
Package pdftexcmds Info: \pdf@ifprimitive is available.
Package pdftexcmds Info: \pdfdraftmode found.
)
Package epstopdf-base Info: Redefining graphics rule for `.eps' on input line 4
38.
Package grfext Info: Graphics extension search list:
(grfext)             [.pdf,.png,.jpg,.mps,.jpeg,.jbig2,.jb2,.PDF,.PNG,.JPG,.JPE
G,.JBIG2,.JB2,.eps]
(grfext)             \AppendGraphicsExtensions on input line 456.
))
("C:\Program Files\MiKTeX 2.9\tex/latex/was\gensymb.sty"
Package: gensymb 2003/07/02 v1.0 (WaS)
)
("C:\Program Files\MiKTeX 2.9\tex/latex/tabulary\tabulary.sty"
Package: tabulary 2014/06/11 v0.10 tabulary package (DPC)

("C:\Program Files\MiKTeX 2.9\tex/latex/tools\array.sty"
Package: array 2018/12/30 v2.4k Tabular extension package (FMi)
\col@sep=\dimen126
\ar@mcellbox=\box29
\extrarowheight=\dimen127
\NC@list=\toks21
\extratabsurround=\skip57
\backup@length=\skip58
\ar@cellbox=\box30
)
\TY@count=\count107
\TY@linewidth=\dimen128
\tymin=\dimen129
\tymax=\dimen130
\TY@tablewidth=\dimen131
)
("C:\Program Files\MiKTeX 2.9\tex/latex/units\nicefrac.sty"
Package: nicefrac 1998/08/04 v0.9b Nice fractions
\L@UnitsRaiseDisplaystyle=\skip59
\L@UnitsRaiseTextstyle=\skip60
\L@UnitsRaiseScriptstyle=\skip61

("C:\Program Files\MiKTeX 2.9\tex/latex/base\ifthen.sty"
Package: ifthen 2014/09/29 v1.1c Standard LaTeX ifthen package (DPC)
))
("C:\Program Files\MiKTeX 2.9\tex/latex/biblatex\biblatex.sty"
Package: biblatex 2019/08/31 v3.13a programmable bibliographies (PK/MW)

("C:\Program Files\MiKTeX 2.9\tex/latex/etoolbox\etoolbox.sty"
Package: etoolbox 2018/08/19 v2.5f e-TeX tools for LaTeX (JAW)
\etb@tempcnta=\count108
)
("C:\Program Files\MiKTeX 2.9\tex/latex/logreq\logreq.sty"
Package: logreq 2010/08/04 v1.0 xml request logger
\lrq@indent=\count109

("C:\Program Files\MiKTeX 2.9\tex/latex/logreq\logreq.def"
File: logreq.def 2010/08/04 v1.0 logreq spec v1.0
))
("C:\Program Files\MiKTeX 2.9\tex/latex/url\url.sty"
\Urlmuskip=\muskip11
Package: url 2013/09/16  ver 3.4  Verb mode for urls, etc.
)
\c@tabx@nest=\count110
\c@listtotal=\count111
\c@listcount=\count112
\c@liststart=\count113
\c@liststop=\count114
\c@citecount=\count115
\c@citetotal=\count116
\c@multicitecount=\count117
\c@multicitetotal=\count118
\c@instcount=\count119
\c@maxnames=\count120
\c@minnames=\count121
\c@maxitems=\count122
\c@minitems=\count123
\c@citecounter=\count124
\c@maxcitecounter=\count125
\c@savedcitecounter=\count126
\c@uniquelist=\count127
\c@uniquename=\count128
\c@refsection=\count129
\c@refsegment=\count130
\c@maxextratitle=\count131
\c@maxextratitleyear=\count132
\c@maxextraname=\count133
\c@maxextradate=\count134
\c@maxextraalpha=\count135
\c@abbrvpenalty=\count136
\c@highnamepenalty=\count137
\c@lownamepenalty=\count138
\c@maxparens=\count139
\c@parenlevel=\count140
\blx@tempcnta=\count141
\blx@tempcntb=\count142
\blx@tempcntc=\count143
\blx@maxsection=\count144
\blx@maxsegment@0=\count145
\blx@notetype=\count146
\blx@parenlevel@text=\count147
\blx@parenlevel@foot=\count148
\blx@sectionciteorder@0=\count149
\blx@entrysetcounter=\count150
\labelnumberwidth=\skip62
\labelalphawidth=\skip63
\biblabelsep=\skip64
\bibitemsep=\skip65
\bibnamesep=\skip66
\bibinitsep=\skip67
\bibparsep=\skip68
\bibhang=\skip69
\blx@bcfin=\read1
\blx@bcfout=\write3
\blx@langwohyphens=\language76
\c@mincomprange=\count151
\c@maxcomprange=\count152
\c@mincompwidth=\count153
Package biblatex Info: Trying to load biblatex default data model...
Package biblatex Info: ... file 'blx-dm.def' found.

("C:\Program Files\MiKTeX 2.9\tex/latex/biblatex\blx-dm.def"
File: blx-dm.def 2019/08/31 v3.13a biblatex localization (PK/MW)
)
Package biblatex Info: Trying to load biblatex style data model...
Package biblatex Info: ... file 'chem-angew.dbx' not found.
Package biblatex Info: Trying to load biblatex custom data model...
Package biblatex Info: ... file 'biblatex-dm.cfg' not found.
\c@afterword=\count154
\c@savedafterword=\count155
\c@annotator=\count156
\c@savedannotator=\count157
\c@author=\count158
\c@savedauthor=\count159
\c@bookauthor=\count160
\c@savedbookauthor=\count161
\c@commentator=\count162
\c@savedcommentator=\count163
\c@editor=\count164
\c@savededitor=\count165
\c@editora=\count166
\c@savededitora=\count167
\c@editorb=\count168
\c@savededitorb=\count169
\c@editorc=\count170
\c@savededitorc=\count171
\c@foreword=\count172
\c@savedforeword=\count173
\c@holder=\count174
\c@savedholder=\count175
\c@introduction=\count176
\c@savedintroduction=\count177
\c@namea=\count178
\c@savednamea=\count179
\c@nameb=\count180
\c@savednameb=\count181
\c@namec=\count182
\c@savednamec=\count183
\c@translator=\count184
\c@savedtranslator=\count185
\c@shortauthor=\count186
\c@savedshortauthor=\count187
\c@shorteditor=\count188
\c@savedshorteditor=\count189
\c@labelname=\count190
\c@savedlabelname=\count191
\c@institution=\count192
\c@savedinstitution=\count193
\c@lista=\count194
\c@savedlista=\count195
\c@listb=\count196
\c@savedlistb=\count197
\c@listc=\count198
\c@savedlistc=\count199
\c@listd=\count266
\c@savedlistd=\count267
\c@liste=\count268
\c@savedliste=\count269
\c@listf=\count270
\c@savedlistf=\count271
\c@location=\count272
\c@savedlocation=\count273
\c@organization=\count274
\c@savedorganization=\count275
\c@origlocation=\count276
\c@savedoriglocation=\count277
\c@origpublisher=\count278
\c@savedorigpublisher=\count279
\c@publisher=\count280
\c@savedpublisher=\count281
\c@language=\count282
\c@savedlanguage=\count283
\c@origlanguage=\count284
\c@savedoriglanguage=\count285
\c@pageref=\count286
\c@savedpageref=\count287
\shorthandwidth=\skip70
\shortjournalwidth=\skip71
\shortserieswidth=\skip72
\shorttitlewidth=\skip73
\shortauthorwidth=\skip74
\shorteditorwidth=\skip75
\locallabelnumberwidth=\skip76
\locallabelalphawidth=\skip77
\localshorthandwidth=\skip78
\localshortjournalwidth=\skip79
\localshortserieswidth=\skip80
\localshorttitlewidth=\skip81
\localshortauthorwidth=\skip82
\localshorteditorwidth=\skip83
Package biblatex Info: Trying to load compatibility code...
Package biblatex Info: ... file 'blx-compat.def' found.

("C:\Program Files\MiKTeX 2.9\tex/latex/biblatex\blx-compat.def"
File: blx-compat.def 2019/08/31 v3.13a biblatex compatibility (PK/MW)
)
Package biblatex Info: Trying to load BibTeX backend compatibility...
Package biblatex Info: ... file 'blx-bibtex.def' found.

("C:\Program Files\MiKTeX 2.9\tex/latex/biblatex\blx-bibtex.def"
File: blx-bibtex.def 2019/08/31 v3.13a biblatex compatibility (PK/MW)


Package biblatex Warning: Using fall-back BibTeX(8) backend:
(biblatex)                functionality may be reduced/unavailable.

)
Package biblatex Info: Trying to load generic definitions...
Package biblatex Info: ... file 'biblatex.def' found.
 ("C:\Program Files\MiKTeX 2.9\tex/latex/biblatex\biblatex.def"
File: biblatex.def 2019/08/31 v3.13a biblatex compatibility (PK/MW)
\c@textcitecount=\count288
\c@textcitetotal=\count289
\c@textcitemaxnames=\count290
\c@biburlbigbreakpenalty=\count291
\c@biburlbreakpenalty=\count292
\c@biburlnumpenalty=\count293
\c@biburlucpenalty=\count294
\c@biburllcpenalty=\count295
\biburlbigskip=\muskip12
\biburlnumskip=\muskip13
\biburlucskip=\muskip14
\biburllcskip=\muskip15
\c@smartand=\count296
)
Package biblatex Info: Trying to load bibliography style 'chem-angew'...
Package biblatex Info: ... file 'chem-angew.bbx' found.

("C:\Program Files\MiKTeX 2.9\tex/latex/biblatex-chem\chem-angew.bbx"
File: chem-angew.bbx 2019/08/24 v1.1x biblatex bibliography style
Package biblatex Info: Trying to load bibliography style 'numeric-comp'...
Package biblatex Info: ... file 'numeric-comp.bbx' found.

("C:\Program Files\MiKTeX 2.9\tex/latex/biblatex/bbx\numeric-comp.bbx"
File: numeric-comp.bbx 2019/08/31 v3.13a biblatex bibliography style (PK/MW)
Package biblatex Info: Trying to load bibliography style 'numeric'...
Package biblatex Info: ... file 'numeric.bbx' found.

("C:\Program Files\MiKTeX 2.9\tex/latex/biblatex/bbx\numeric.bbx"
File: numeric.bbx 2019/08/31 v3.13a biblatex bibliography style (PK/MW)
Package biblatex Info: Trying to load bibliography style 'standard'...
Package biblatex Info: ... file 'standard.bbx' found.

("C:\Program Files\MiKTeX 2.9\tex/latex/biblatex/bbx\standard.bbx"
File: standard.bbx 2019/08/31 v3.13a biblatex bibliography style (PK/MW)
\c@bbx:relatedcount=\count297
\c@bbx:relatedtotal=\count298
))))
Package biblatex Info: Trying to load citation style 'chem-angew'...
Package biblatex Info: ... file 'chem-angew.cbx' found.

("C:\Program Files\MiKTeX 2.9\tex/latex/biblatex-chem\chem-angew.cbx"
File: chem-angew.cbx 2019/08/24 v1.1x biblatex citation style
Package biblatex Info: Trying to load citation style 'numeric-comp'...
Package biblatex Info: ... file 'numeric-comp.cbx' found.

("C:\Program Files\MiKTeX 2.9\tex/latex/biblatex/cbx\numeric-comp.cbx"
File: numeric-comp.cbx 2019/08/31 v3.13a biblatex citation style (PK/MW)
\c@cbx@tempcnta=\count299
\c@cbx@tempcntb=\count300
Package biblatex Info: Redefining '\cite'.
Package biblatex Info: Redefining '\parencite'.
Package biblatex Info: Redefining '\footcite'.
Package biblatex Info: Redefining '\footcitetext'.
Package biblatex Info: Redefining '\smartcite'.
Package biblatex Info: Redefining '\supercite'.
Package biblatex Info: Redefining '\textcite'.
Package biblatex Info: Redefining '\textcites'.
Package biblatex Info: Redefining '\cites'.
Package biblatex Info: Redefining '\parencites'.
Package biblatex Info: Redefining '\smartcites'.
)
Package biblatex Info: Redefining '\supercite'.
)
Package biblatex Info: Trying to load configuration file...
Package biblatex Info: ... file 'biblatex.cfg' found.

("C:\Program Files\MiKTeX 2.9\tex/latex/biblatex\biblatex.cfg"
File: biblatex.cfg 
))
Package biblatex Info: Trying to load language 'english'...
Package biblatex Info: ... file 'english.lbx' found.

("C:\Program Files\MiKTeX 2.9\tex/latex/biblatex/lbx\english.lbx"
File: english.lbx 2019/08/31 v3.13a biblatex localization (PK/MW)
)
\@quotelevel=\count301
\@quotereset=\count302

(diss_subset2.aux)
\openout1 = `diss_subset2.aux'.

LaTeX Font Info:    Checking defaults for OML/cmm/m/it on input line 139.
LaTeX Font Info:    ... okay on input line 139.
LaTeX Font Info:    Checking defaults for T1/cmr/m/n on input line 139.
LaTeX Font Info:    ... okay on input line 139.
LaTeX Font Info:    Checking defaults for OT1/cmr/m/n on input line 139.
LaTeX Font Info:    ... okay on input line 139.
LaTeX Font Info:    Checking defaults for OMS/cmsy/m/n on input line 139.
LaTeX Font Info:    ... okay on input line 139.
LaTeX Font Info:    Checking defaults for OMX/cmex/m/n on input line 139.
LaTeX Font Info:    ... okay on input line 139.
LaTeX Font Info:    Checking defaults for U/cmr/m/n on input line 139.
LaTeX Font Info:    ... okay on input line 139.

*geometry* driver: auto-detecting
*geometry* detected driver: pdftex
*geometry* verbose mode - [ preamble ] result:
* driver: pdftex
* paper: <default>
* layout: <same size as paper>
* layoutoffset:(h,v)=(0.0pt,0.0pt)
* modes: 
* h-part:(L,W,R)=(72.26999pt, 469.75502pt, 72.26999pt)
* v-part:(T,H,B)=(72.26999pt, 650.43001pt, 72.26999pt)
* \paperwidth=614.295pt
* \paperheight=794.96999pt
* \textwidth=469.75502pt
* \textheight=650.43001pt
* \oddsidemargin=0.0pt
* \evensidemargin=0.0pt
* \topmargin=-37.0pt
* \headheight=12.0pt
* \headsep=25.0pt
* \topskip=11.0pt
* \footskip=30.0pt
* \marginparwidth=59.0pt
* \marginparsep=10.0pt
* \columnsep=10.0pt
* \skip\footins=10.0pt plus 4.0pt minus 2.0pt
* \hoffset=0.0pt
* \voffset=0.0pt
* \mag=1000
* \@twocolumnfalse
* \@twosidefalse
* \@mparswitchfalse
* \@reversemarginfalse
* (1in=72.27pt=25.4mm, 1cm=28.453pt)

("C:\Program Files\MiKTeX 2.9\tex/context/base/mkii\supp-pdf.mkii"
[Loading MPS to PDF converter (version 2006.09.02).]
\scratchcounter=\count303
\scratchdimen=\dimen132
\scratchbox=\box31
\nofMPsegments=\count304
\nofMParguments=\count305
\everyMPshowfont=\toks22
\MPscratchCnt=\count306
\MPscratchDim=\dimen133
\MPnumerator=\count307
\makeMPintoPDFobject=\count308
\everyMPtoPDFconversion=\toks23
)
LaTeX Info: Redefining \celsius on input line 139.
Package gensymb Info: Faking symbols for \degree and \celsius on input line 139
.


Package gensymb Warning: Not defining \perthousand.

LaTeX Info: Redefining \ohm on input line 139.
Package gensymb Info: Using \Omega for \ohm on input line 139.

Package gensymb Warning: Not defining \micro.

Package biblatex Info: Input encoding 'utf8' detected.
Package biblatex Info: Automatic encoding selection.
(biblatex)             Assuming data encoding 'utf8'.
Package biblatex Info: Input encoding 'utf8' specified.
Package biblatex Info: Data encoding 'utf8' specified.
(biblatex)             No need to reencode data.
\openout3 = `diss_subset2-blx.bib'.

Package biblatex Info: Trying to load bibliographic data...
Package biblatex Info: ... file 'diss_subset2.bbl' found.
(diss_subset2.bbl)
Package biblatex Info: Reference section=0 on input line 139.
Package biblatex Info: Reference segment=0 on input line 139.
LaTeX Font Info:    Try loading font information for OMS+cmr on input line 153.

 ("C:\Program Files\MiKTeX 2.9\tex/latex/base\omscmr.fd"
File: omscmr.fd 2014/09/29 v2.5h Standard LaTeX font definitions
)
LaTeX Font Info:    Font shape `OMS/cmr/m/n' in size <10.95> not available
(Font)              Font shape `OMS/cmsy/m/n' tried instead on input line 153.

[1

{C:/Users/tjhag/AppData/Local/MiKTeX/2.9/pdftex/config/pdftex.map}]
*geometry* verbose mode - [ newgeometry ] result:
* driver: pdftex
* paper: <default>
* layout: <same size as paper>
* layoutoffset:(h,v)=(0.0pt,0.0pt)
* modes: twoside asymmetric 
* h-part:(L,W,R)=(108.405pt, 433.62001pt, 72.26999pt)
* v-part:(T,H,B)=(144.54pt, 578.16pt, 72.26999pt)
* \paperwidth=614.295pt
* \paperheight=794.96999pt
* \textwidth=433.62001pt
* \textheight=578.16pt
* \oddsidemargin=36.13501pt
* \evensidemargin=36.13501pt
* \topmargin=35.27pt
* \headheight=12.0pt
* \headsep=25.0pt
* \topskip=11.0pt
* \footskip=30.0pt
* \marginparwidth=59.0pt
* \marginparsep=10.0pt
* \columnsep=10.0pt
* \skip\footins=10.0pt plus 4.0pt minus 2.0pt
* \hoffset=0.0pt
* \voffset=0.0pt
* \mag=1000
* \@twocolumnfalse
* \@twosidetrue
* \@mparswitchfalse
* \@reversemarginfalse
* (1in=72.27pt=25.4mm, 1cm=28.453pt)

 [2

]
(diss_subset2.toc [3


])
\tf@toc=\write4
\openout4 = `diss_subset2.toc'.

 [4] (diss_subset2.lof [5

])
\tf@lof=\write5
\openout5 = `diss_subset2.lof'.

 [6] (diss_subset2.lot)
\tf@lot=\write6
\openout6 = `diss_subset2.lot'.


[7

]
CHAPTER 1.
(scattering/main.tex (scattering/history.tex) (scattering/e_scat.tex [1

]
[2]
<./scattering/fig/feyn_dis.png, id=36, 649.67719pt x 596.98032pt>
File: ./scattering/fig/feyn_dis.png Graphic file (type png)
<use ./scattering/fig/feyn_dis.png>
Package pdftex.def Info: ./scattering/fig/feyn_dis.png  used on input line 29.
(pdftex.def)             Requested size: 234.8775pt x 215.82365pt.
 [3 <./scattering/fig/feyn_dis.png>] [4]) (scattering/bj_scale.tex [5]
<./scattering/fig/no_q2_dep.png, id=51, 400.49625pt x 248.42813pt>
File: ./scattering/fig/no_q2_dep.png Graphic file (type png)
<use ./scattering/fig/no_q2_dep.png>
Package pdftex.def Info: ./scattering/fig/no_q2_dep.png  used on input line 40.

(pdftex.def)             Requested size: 352.31625pt x 218.55298pt.
)
(scattering/f2.tex [6 <./scattering/fig/no_q2_dep.png>] [7]) (scattering/r.tex
[8] [9]
<./scattering/fig/R_LT.png, id=65, 294.34969pt x 317.68687pt>
File: ./scattering/fig/R_LT.png Graphic file (type png)
<use ./scattering/fig/R_LT.png>
Package pdftex.def Info: ./scattering/fig/R_LT.png  used on input line 50.
(pdftex.def)             Requested size: 294.34895pt x 317.68608pt.
) (scattering/f2r.tex [10 <./scattering/fig/R_LT.png>])) [11]
CHAPTER 2.
(EMC/main.tex (EMC/history.tex
<./EMC/fig/original_EMC.png, id=73, 409.53pt x 454.69875pt>
File: ./EMC/fig/original_EMC.png Graphic file (type png)
<use ./EMC/fig/original_EMC.png>
Package pdftex.def Info: ./EMC/fig/original_EMC.png  used on input line 5.
(pdftex.def)             Requested size: 234.8775pt x 260.79062pt.
 [12

]
<./EMC/fig/gomez.png, id=78, 447.17062pt x 499.11469pt>
File: ./EMC/fig/gomez.png Graphic file (type png)
<use ./EMC/fig/gomez.png>
Package pdftex.def Info: ./EMC/fig/gomez.png  used on input line 32.
(pdftex.def)             Requested size: 234.8775pt x 262.1686pt.


LaTeX Warning: `h' float specifier changed to `ht'.

[13 <./EMC/fig/original_EMC.png>] [14 <./EMC/fig/gomez.png>] [15]
Package epstopdf Info: Source file: <./EMC/fig/seely.eps>
(epstopdf)                    date: 2019-10-25 19:45:44
(epstopdf)                    size: 30691 bytes
(epstopdf)             Output file: <./EMC/fig/seely-eps-converted-to.pdf>
(epstopdf)                    date: 2019-10-25 19:48:43
(epstopdf)                    size: 16353 bytes
(epstopdf)             Command: <epstopdf --outfile=./EMC/fig/seely-eps-convert
ed-to.pdf ./EMC/fig/seely.eps>
(epstopdf)             \includegraphics on input line 69.
Package epstopdf Info: Output file is already uptodate.


pdfTeX warning: pdflatex (file ./EMC/fig/seely-eps-converted-to.pdf): PDF inclu
sion: found PDF version <1.7>, but at most version <1.5> allowed
<./EMC/fig/seely-eps-converted-to.pdf, id=88, 2890.8pt x 2168.1pt>
File: ./EMC/fig/seely-eps-converted-to.pdf Graphic file (type pdf)
<use ./EMC/fig/seely-eps-converted-to.pdf>
Package pdftex.def Info: ./EMC/fig/seely-eps-converted-to.pdf  used on input li
ne 69.
(pdftex.def)             Requested size: 328.82707pt x 246.59695pt.
) (EMC/regions.tex [16 <./EMC/fig/seely-eps-converted-to.pdf>])
(EMC/theories.tex [17] [18])) [19]
CHAPTER 3.
(setup/main.tex (setup/cebaf.tex
<./setup/fig/cebaf.png, id=133, 873.2625pt x 678.28406pt>
File: ./setup/fig/cebaf.png Graphic file (type png)
<use ./setup/fig/cebaf.png>
Package pdftex.def Info: ./setup/fig/cebaf.png  used on input line 7.
(pdftex.def)             Requested size: 328.82707pt x 255.40121pt.
) (setup/beamline.tex [20

 <./setup/fig/cebaf.png>]
<./setup/fig/HallA_overhead.png, id=137, 642.14906pt x 379.4175pt>
File: ./setup/fig/HallA_overhead.png Graphic file (type png)
<use ./setup/fig/HallA_overhead.png>
Package pdftex.def Info: ./setup/fig/HallA_overhead.png  used on input line 15.

(pdftex.def)             Requested size: 328.82707pt x 194.2935pt.
 [21 <./setup/fig/HallA_overhead.png>]
<./setup/fig/harp.png, id=141, 938.75719pt x 196.48407pt>
File: ./setup/fig/harp.png Graphic file (type png)
<use ./setup/fig/harp.png>
Package pdftex.def Info: ./setup/fig/harp.png  used on input line 29.
(pdftex.def)             Requested size: 469.75502pt x 98.31973pt.
 [22 <./setup/fig/harp.png>]
<./setup/fig/raster_pic.jpg, id=145, 2021.5525pt x 424.58624pt>
File: ./setup/fig/raster_pic.jpg Graphic file (type jpg)
<use ./setup/fig/raster_pic.jpg>
Package pdftex.def Info: ./setup/fig/raster_pic.jpg  used on input line 52.
(pdftex.def)             Requested size: 469.75502pt x 98.65697pt.
<./setup/fig/raster_sync.png, id=146, 986.9372pt x 680.5425pt>
File: ./setup/fig/raster_sync.png Graphic file (type png)
<use ./setup/fig/raster_sync.png>
Package pdftex.def Info: ./setup/fig/raster_sync.png  used on input line 62.
(pdftex.def)             Requested size: 328.82707pt x 226.73964pt.


LaTeX Warning: `h' float specifier changed to `ht'.

Package epstopdf Info: Source file: <./setup/fig/ex_rast.eps>
(epstopdf)                    date: 2019-05-07 21:58:38
(epstopdf)                    size: 10591 bytes
(epstopdf)             Output file: <./setup/fig/ex_rast-eps-converted-to.pdf>
(epstopdf)                    date: 2019-05-20 21:46:10
(epstopdf)                    size: 3899 bytes
(epstopdf)             Command: <epstopdf --outfile=./setup/fig/ex_rast-eps-con
verted-to.pdf ./setup/fig/ex_rast.eps>
(epstopdf)             \includegraphics on input line 70.
Package epstopdf Info: Output file is already uptodate.


pdfTeX warning: pdflatex (file ./setup/fig/ex_rast-eps-converted-to.pdf): PDF i
nclusion: found PDF version <1.7>, but at most version <1.5> allowed
<./setup/fig/ex_rast-eps-converted-to.pdf, id=147, 569.12625pt x 386.44376pt>
File: ./setup/fig/ex_rast-eps-converted-to.pdf Graphic file (type pdf)
<use ./setup/fig/ex_rast-eps-converted-to.pdf>
Package pdftex.def Info: ./setup/fig/ex_rast-eps-converted-to.pdf  used on inpu
t line 70.
(pdftex.def)             Requested size: 328.82707pt x 223.2884pt.

LaTeX Warning: `!h' float specifier changed to `!ht'.

[23 <./setup/fig/raster_pic.jpg>] [24 <./setup/fig/raster_sync.png> <./setup/fi
g/ex_rast-eps-converted-to.pdf>]
<./setup/fig/bpm.png, id=158, 388.45125pt x 338.76563pt>
File: ./setup/fig/bpm.png Graphic file (type png)
<use ./setup/fig/bpm.png>
Package pdftex.def Info: ./setup/fig/bpm.png  used on input line 84.
(pdftex.def)             Requested size: 234.8775pt x 204.83752pt.
) (setup/target.tex [25 <./setup/fig/bpm.png>]
<./setup/fig/HallA_side.png, id=162, 631.60968pt x 285.31593pt>
File: ./setup/fig/HallA_side.png Graphic file (type png)
<use ./setup/fig/HallA_side.png>
Package pdftex.def Info: ./setup/fig/HallA_side.png  used on input line 8.
(pdftex.def)             Requested size: 375.80544pt x 169.76291pt.
<./setup/fig/targ_cell.png, id=163, 1061.46562pt x 542.025pt>
File: ./setup/fig/targ_cell.png Graphic file (type png)
<use ./setup/fig/targ_cell.png>
Package pdftex.def Info: ./setup/fig/targ_cell.png  used on input line 22.
(pdftex.def)             Requested size: 328.82707pt x 167.91022pt.


LaTeX Warning: `h' float specifier changed to `ht'.


LaTeX Warning: Reference `sec:boiling' on page 26 undefined on input line 28.

[26 <./setup/fig/HallA_side.png>]
Overfull \hbox (39.72864pt too wide) in paragraph at lines 43--54
[][] 
 []


LaTeX Warning: `h' float specifier changed to `ht'.

[27 <./setup/fig/targ_cell.png>]
<./setup/fig/target.png, id=170, 313.17pt x 475.0548pt>
File: ./setup/fig/target.png Graphic file (type png)
<use ./setup/fig/target.png>
Package pdftex.def Info: ./setup/fig/target.png  used on input line 72.
(pdftex.def)             Requested size: 187.89914pt x 285.03508pt.


LaTeX Warning: `h' float specifier changed to `ht'.


LaTeX Warning: Reference `sec:ecc' on page 28 undefined on input line 80.


LaTeX Warning: Reference `app:raster_cal' on page 28 undefined on input line 82
.

) (setup/HRS.tex [28]
<./setup/fig/HRS_mags.png, id=174, 674.52pt x 399.74344pt>
File: ./setup/fig/HRS_mags.png Graphic file (type png)
<use ./setup/fig/HRS_mags.png>
Package pdftex.def Info: ./setup/fig/HRS_mags.png  used on input line 9.
(pdftex.def)             Requested size: 375.80544pt x 222.72026pt.
 [29 <./setup/fig/target.png>] [30 <./setup/fig/HRS_mags.png>]
<./setup/fig/vdc.png, id=183, 749.04843pt x 540.51938pt>
File: ./setup/fig/vdc.png Graphic file (type png)
<use ./setup/fig/vdc.png>
Package pdftex.def Info: ./setup/fig/vdc.png  used on input line 27.
(pdftex.def)             Requested size: 375.80544pt x 271.18275pt.
 [31 <./setup/fig/vdc.png>]
<./setup/fig/s2.png, id=187, 439.6425pt x 698.61pt>
File: ./setup/fig/s2.png Graphic file (type png)
<use ./setup/fig/s2.png>
Package pdftex.def Info: ./setup/fig/s2.png  used on input line 43.
(pdftex.def)             Requested size: 140.92793pt x 223.93286pt.
 [32 <./setup/fig/s2.png>] [33]
<./setup/fig/shower_layout.png, id=194, 901.86937pt x 562.35094pt>
File: ./setup/fig/shower_layout.png Graphic file (type png)
<use ./setup/fig/shower_layout.png>
Package pdftex.def Info: ./setup/fig/shower_layout.png  used on input line 71.
(pdftex.def)             Requested size: 375.80544pt x 234.33234pt.
 [34 <./setup/fig/shower_layout.png>]
<./setup/fig/trigger_diagram.png, id=198, 806.26219pt x 491.58656pt>
File: ./setup/fig/trigger_diagram.png Graphic file (type png)
<use ./setup/fig/trigger_diagram.png>
Package pdftex.def Info: ./setup/fig/trigger_diagram.png  used on input line 96
.
(pdftex.def)             Requested size: 469.75502pt x 286.41808pt.
)) [35] [36 <./setup/fig/trigger_diagram.png>] [37

]
[38] [39] (diss_subset2.aux)

LaTeX Warning: There were undefined references.

Package logreq Info: Writing requests to 'diss_subset2.run.xml'.
\openout1 = `diss_subset2.run.xml'.

 ) 
Here is how much of TeX's memory you used:
 10326 strings out of 492946
 185200 string characters out of 3135527
 562704 words of memory out of 3000000
 14016 multiletter control sequences out of 15000+200000
 7875 words of font info for 29 fonts, out of 3000000 for 9000
 1141 hyphenation exceptions out of 8191
 42i,15n,45p,1231b,1340s stack positions out of 5000i,500n,10000p,200000b,50000s
<C:/Program Files/MiKTeX 2.9/fonts/type1/public/amsfonts/cm/cmbx10.pfb><C:/Pr
ogram Files/MiKTeX 2.9/fonts/type1/public/amsfonts/cm/cmex10.pfb><C:/Program Fi
les/MiKTeX 2.9/fonts/type1/public/amsfonts/cm/cmmi10.pfb><C:/Program Files/MiKT
eX 2.9/fonts/type1/public/amsfonts/cm/cmmi6.pfb><C:/Program Files/MiKTeX 2.9/fo
nts/type1/public/amsfonts/cm/cmmi8.pfb><C:/Program Files/MiKTeX 2.9/fonts/type1
/public/amsfonts/cm/cmr10.pfb><C:/Program Files/MiKTeX 2.9/fonts/type1/public/a
msfonts/cm/cmr6.pfb><C:/Program Files/MiKTeX 2.9/fonts/type1/public/amsfonts/cm
/cmr8.pfb><C:/Program Files/MiKTeX 2.9/fonts/type1/public/amsfonts/cm/cmsy10.pf
b><C:/Program Files/MiKTeX 2.9/fonts/type1/public/amsfonts/cm/cmsy8.pfb><C:/Pro
gram Files/MiKTeX 2.9/fonts/type1/public/amsfonts/cm/cmti10.pfb><C:/Program Fil
es/MiKTeX 2.9/fonts/type1/public/amsfonts/cm/cmtt10.pfb>
Output written on diss_subset2.pdf (46 pages, 2937579 bytes).
PDF statistics:
 257 PDF objects out of 1000 (max. 8388607)
 0 named destinations out of 1000 (max. 500000)
 106 words of extra memory for PDF output out of 10000 (max. 10000000)

