This is pdfTeX, Version 3.14159265-2.6-1.40.20 (MiKTeX 2.9.6960 64-bit) (preloaded format=pdflatex 2019.3.11)  12 JUN 2019 20:57
entering extended mode
**./main.tex
(main.tex
LaTeX2e <2018-12-01>

! LaTeX Error: Missing \begin{document}.

See the LaTeX manual or LaTeX Companion for explanation.
Type  H <return>  for immediate help.
 ...                                              
                                                  
l.3 ...named and renumbered to reflect that soon.}
                                                  
You're in trouble here.  Try typing  <return>  to proceed.
If that doesn't work, type  X <return>  to quit.


Overfull \hbox (33.23047pt too wide) in paragraph at lines 3--4
[]\OT1/cmr/bx/n/10 As
 []


Overfull \hbox (4.36108pt too wide) in paragraph at lines 3--4
\OT1/cmr/bx/n/10 I
 []


Overfull \hbox (26.73735pt too wide) in paragraph at lines 3--4
\OT1/cmr/bx/n/10 chose
 []


Overfull \hbox (5.59023pt too wide) in paragraph at lines 3--4
\OT1/cmr/bx/n/10 a
 []


Overfull \hbox (27.6401pt too wide) in paragraph at lines 3--4
\OT1/cmr/bx/n/10 start-
 []


Overfull \hbox (15.33325pt too wide) in paragraph at lines 3--4
\OT1/cmr/bx/n/10 ing
 []


Overfull \hbox (26.1943pt too wide) in paragraph at lines 3--4
\OT1/cmr/bx/n/10 point
 []


Overfull \hbox (13.99994pt too wide) in paragraph at lines 3--4
\OT1/cmr/bx/n/10 for
 []


Overfull \hbox (24.54155pt too wide) in paragraph at lines 3--4
\OT1/cmr/bx/n/10 writ-
 []


Overfull \hbox (18.52768pt too wide) in paragraph at lines 3--4
\OT1/cmr/bx/n/10 ing,
 []


Overfull \hbox (18.59155pt too wide) in paragraph at lines 3--4
\OT1/cmr/bx/n/10 this
 []


Overfull \hbox (16.51515pt too wide) in paragraph at lines 3--4
\OT1/cmr/bx/n/10 has
 []


Overfull \hbox (15.81242pt too wide) in paragraph at lines 3--4
\OT1/cmr/bx/n/10 be-
 []


Overfull \hbox (25.71515pt too wide) in paragraph at lines 3--4
\OT1/cmr/bx/n/10 come
 []


Overfull \hbox (25.34016pt too wide) in paragraph at lines 3--4
\OT1/cmr/bx/n/10 more
 []


Overfull \hbox (9.26384pt too wide) in paragraph at lines 3--4
\OT1/cmr/bx/n/10 of
 []


Overfull \hbox (5.59023pt too wide) in paragraph at lines 3--4
\OT1/cmr/bx/n/10 a
 []


Overfull \hbox (19.96518pt too wide) in paragraph at lines 3--4
\OT1/cmr/bx/n/10 the-
 []


Overfull \hbox (16.55548pt too wide) in paragraph at lines 3--4
\OT1/cmr/bx/n/10 ory
 []


Overfull \hbox (26.99289pt too wide) in paragraph at lines 3--4
\OT1/cmr/bx/n/10 chap-
 []


Overfull \hbox (17.67354pt too wide) in paragraph at lines 3--4
\OT1/cmr/bx/n/10 ter.
 []


Overfull \hbox (8.83328pt too wide) in paragraph at lines 3--4
\OT1/cmr/bx/n/10 It
 []


Overfull \hbox (17.8888pt too wide) in paragraph at lines 3--4
\OT1/cmr/bx/n/10 will
 []


Overfull \hbox (26.67348pt too wide) in paragraph at lines 3--4
\OT1/cmr/bx/n/10 likely
 []


Overfull \hbox (11.97911pt too wide) in paragraph at lines 3--4
\OT1/cmr/bx/n/10 be
 []


Overfull \hbox (13.84023pt too wide) in paragraph at lines 3--4
\OT1/cmr/bx/n/10 re-
 []


Overfull \hbox (33.22203pt too wide) in paragraph at lines 3--4
\OT1/cmr/bx/n/10 named
 []


Overfull \hbox (18.36794pt too wide) in paragraph at lines 3--4
\OT1/cmr/bx/n/10 and
 []


Overfull \hbox (35.88177pt too wide) in paragraph at lines 3--4
\OT1/cmr/bx/n/10 renum-
 []


Overfull \hbox (28.37488pt too wide) in paragraph at lines 3--4
\OT1/cmr/bx/n/10 bered
 []


Overfull \hbox (10.22217pt too wide) in paragraph at lines 3--4
\OT1/cmr/bx/n/10 to
 []


Overfull \hbox (13.84023pt too wide) in paragraph at lines 3--4
\OT1/cmr/bx/n/10 re-
 []


Overfull \hbox (21.24295pt too wide) in paragraph at lines 3--4
\OT1/cmr/bx/n/10 flect
 []


Overfull \hbox (20.92348pt too wide) in paragraph at lines 3--4
\OT1/cmr/bx/n/10 that
 []


Overfull \hbox (25.93874pt too wide) in paragraph at lines 3--4
\OT1/cmr/bx/n/10 soon. 
 []

! Undefined control sequence.
l.5 \section
            {The Quark-Parton Model}
The control sequence at the end of the top line
of your error message was never \def'ed. If you have
misspelled it (e.g., `\hobx'), type `I' and the correct
spelling (e.g., `I\hbox'). Otherwise just continue,
and I'll forget about whatever was undefined.


! LaTeX Error: Missing \begin{document}.

See the LaTeX manual or LaTeX Companion for explanation.
Type  H <return>  for immediate help.
 ...                                              
                                                  
l.5 \section{T
              he Quark-Parton Model}
You're in trouble here.  Try typing  <return>  to proceed.
If that doesn't work, type  X <return>  to quit.

Missing character: There is no T in font nullfont!
Missing character: There is no h in font nullfont!
Missing character: There is no e in font nullfont!
Missing character: There is no Q in font nullfont!
Missing character: There is no u in font nullfont!
Missing character: There is no a in font nullfont!
Missing character: There is no r in font nullfont!
Missing character: There is no k in font nullfont!
Missing character: There is no - in font nullfont!
Missing character: There is no P in font nullfont!
Missing character: There is no a in font nullfont!
Missing character: There is no r in font nullfont!
Missing character: There is no t in font nullfont!
Missing character: There is no o in font nullfont!
Missing character: There is no n in font nullfont!
Missing character: There is no M in font nullfont!
Missing character: There is no o in font nullfont!
Missing character: There is no d in font nullfont!
Missing character: There is no e in font nullfont!
Missing character: There is no l in font nullfont!

! LaTeX Error: File `./chap1-intro/qpm.tex' not found.

Type X to quit or <RETURN> to proceed,
or enter new name. (Default extension: tex)

Enter file name: 
! Emergency stop.
<read *> 
         
l.6 \input{./chap1-intro/qpm.tex}
                                 
*** (cannot \read from terminal in nonstop modes)

 
Here is how much of TeX's memory you used:
 12 strings out of 492946
 172 string characters out of 3135527
 57154 words of memory out of 3000000
 4006 multiletter control sequences out of 15000+200000
 3948 words of font info for 15 fonts, out of 3000000 for 9000
 1141 hyphenation exceptions out of 8191
 13i,1n,10p,183b,67s stack positions out of 5000i,500n,10000p,200000b,50000s
!  ==> Fatal error occurred, no output PDF file produced!
