This is pdfTeX, Version 3.14159265-2.6-1.40.20 (MiKTeX 2.9.6960 64-bit) (preloaded format=pdflatex 2019.3.11)  5 NOV 2019 16:06
entering extended mode
**./main.tex
(main.tex
LaTeX2e <2018-12-01>

! LaTeX Error: File `./setup/cebaf.tex' not found.

Type X to quit or <RETURN> to proceed,
or enter new name. (Default extension: tex)

Enter file name: 
! Emergency stop.
<read *> 
         
l.75 \input{./setup/cebaf.tex}
                              
*** (cannot \read from terminal in nonstop modes)

 
Here is how much of TeX's memory you used:
 9 strings out of 492946
 131 string characters out of 3135527
 56564 words of memory out of 3000000
 4004 multiletter control sequences out of 15000+200000
 3640 words of font info for 14 fonts, out of 3000000 for 9000
 1141 hyphenation exceptions out of 8191
 5i,0n,3p,109b,8s stack positions out of 5000i,500n,10000p,200000b,50000s
!  ==> Fatal error occurred, no output PDF file produced!
