This is pdfTeX, Version 3.14159265-2.6-1.40.20 (MiKTeX 2.9.6960 64-bit) (preloaded format=pdflatex 2019.3.11)  17 SEP 2019 11:54
entering extended mode
**./rawdiss.tex
(rawdiss.tex
LaTeX2e <2018-12-01>
(ksudiss.cls
KSU Ph.D. Dissertation Macros, Version 2, October 6,1993
This is the single advisor version, 
converted to LaTeX2e by Ben Norman (16 Jan 2003)
("C:\Program Files\MiKTeX 2.9\tex/latex/base\report.cls"

LaTeX Warning: You have requested document class `ksudiss',
               but the document class provides `report'.

Document Class: report 2018/09/03 v1.4i Standard LaTeX document class
("C:\Program Files\MiKTeX 2.9\tex/latex/base\leqno.clo"
File: leqno.clo 2016/12/29 v1.2b Standard LaTeX option (left equation numbers)
)
("C:\Program Files\MiKTeX 2.9\tex/latex/base\size12.clo"
File: size12.clo 2018/09/03 v1.4i Standard LaTeX file (size option)
)
\c@part=\count80
\c@chapter=\count81
\c@section=\count82
\c@subsection=\count83
\c@subsubsection=\count84
\c@paragraph=\count85
\c@subparagraph=\count86
\c@figure=\count87
\c@table=\count88
\abovecaptionskip=\skip41
\belowcaptionskip=\skip42
\bibindent=\dimen102
))
("C:\Program Files\MiKTeX 2.9\tex/latex/tools\verbatim.sty"
Package: verbatim 2014/10/28 v1.5q LaTeX2e package for verbatim enhancements
\every@verbatim=\toks14
\verbatim@line=\toks15
\verbatim@in@stream=\read1
)
("C:\Program Files\MiKTeX 2.9\tex/latex/graphics\epsfig.sty"
Package: epsfig 2017/06/25 v1.7b (e)psfig emulation (SPQR)

("C:\Program Files\MiKTeX 2.9\tex/latex/graphics\graphicx.sty"
Package: graphicx 2017/06/01 v1.1a Enhanced LaTeX Graphics (DPC,SPQR)

("C:\Program Files\MiKTeX 2.9\tex/latex/graphics\keyval.sty"
Package: keyval 2014/10/28 v1.15 key=value parser (DPC)
\KV@toks@=\toks16
)
("C:\Program Files\MiKTeX 2.9\tex/latex/graphics\graphics.sty"
Package: graphics 2017/06/25 v1.2c Standard LaTeX Graphics (DPC,SPQR)

("C:\Program Files\MiKTeX 2.9\tex/latex/graphics\trig.sty"
Package: trig 2016/01/03 v1.10 sin cos tan (DPC)
)
("C:\Program Files\MiKTeX 2.9\tex/latex/graphics-cfg\graphics.cfg"
File: graphics.cfg 2016/06/04 v1.11 sample graphics configuration
)
Package graphics Info: Driver file: pdftex.def on input line 99.

("C:\Program Files\MiKTeX 2.9\tex/latex/graphics-def\pdftex.def"
File: pdftex.def 2018/01/08 v1.0l Graphics/color driver for pdftex
))
\Gin@req@height=\dimen103
\Gin@req@width=\dimen104
)
\epsfxsize=\dimen105
\epsfysize=\dimen106
)
("C:\Program Files\MiKTeX 2.9\tex/latex/amsmath\amstext.sty"
Package: amstext 2000/06/29 v2.01 AMS text

("C:\Program Files\MiKTeX 2.9\tex/latex/amsmath\amsgen.sty"
File: amsgen.sty 1999/11/30 v2.0 generic functions
\@emptytoks=\toks17
\ex@=\dimen107
))
("C:\Program Files\MiKTeX 2.9\tex/latex/amsmath\amsmath.sty"
Package: amsmath 2018/12/01 v2.17b AMS math features
\@mathmargin=\skip43

For additional information on amsmath, use the `?' option.
("C:\Program Files\MiKTeX 2.9\tex/latex/amsmath\amsbsy.sty"
Package: amsbsy 1999/11/29 v1.2d Bold Symbols
\pmbraise@=\dimen108
)
("C:\Program Files\MiKTeX 2.9\tex/latex/amsmath\amsopn.sty"
Package: amsopn 2016/03/08 v2.02 operator names
)
\inf@bad=\count89
LaTeX Info: Redefining \frac on input line 223.
\uproot@=\count90
\leftroot@=\count91
LaTeX Info: Redefining \overline on input line 385.
\classnum@=\count92
\DOTSCASE@=\count93
LaTeX Info: Redefining \ldots on input line 482.
LaTeX Info: Redefining \dots on input line 485.
LaTeX Info: Redefining \cdots on input line 606.
\Mathstrutbox@=\box27
\strutbox@=\box28
\big@size=\dimen109
LaTeX Font Info:    Redeclaring font encoding OML on input line 729.
LaTeX Font Info:    Redeclaring font encoding OMS on input line 730.
\macc@depth=\count94
\c@MaxMatrixCols=\count95
\dotsspace@=\muskip10
\c@parentequation=\count96
\dspbrk@lvl=\count97
\tag@help=\toks18
\row@=\count98
\column@=\count99
\maxfields@=\count100
\andhelp@=\toks19
\eqnshift@=\dimen110
\alignsep@=\dimen111
\tagshift@=\dimen112
\tagwidth@=\dimen113
\totwidth@=\dimen114
\lineht@=\dimen115
\@envbody=\toks20
\multlinegap=\skip44
\multlinetaggap=\skip45
\mathdisplay@stack=\toks21
LaTeX Info: Redefining \[ on input line 2844.
LaTeX Info: Redefining \] on input line 2845.
)
("C:\Program Files\MiKTeX 2.9\tex/latex/amsfonts\amssymb.sty"
Package: amssymb 2013/01/14 v3.01 AMS font symbols

("C:\Program Files\MiKTeX 2.9\tex/latex/amsfonts\amsfonts.sty"
Package: amsfonts 2013/01/14 v3.01 Basic AMSFonts support
\symAMSa=\mathgroup4
\symAMSb=\mathgroup5
LaTeX Font Info:    Overwriting math alphabet `\mathfrak' in version `bold'
(Font)                  U/euf/m/n --> U/euf/b/n on input line 106.
))
("C:\Program Files\MiKTeX 2.9\tex/latex/float\float.sty"
Package: float 2001/11/08 v1.3d Float enhancements (AL)
\c@float@type=\count101
\float@exts=\toks22
\float@box=\box29
\@float@everytoks=\toks23
\@floatcapt=\box30
)
("C:\Program Files\MiKTeX 2.9\tex/latex/tools\afterpage.sty"
Package: afterpage 2014/10/28 v1.08 After-Page Package (DPC)
\AP@output=\toks24
\AP@partial=\box31
\AP@footins=\box32
)
("C:\Program Files\MiKTeX 2.9\tex/latex/oberdiek\epstopdf.sty"
Package: epstopdf 2016/05/15 v2.6 Conversion with epstopdf on the fly (HO)

("C:\Program Files\MiKTeX 2.9\tex/latex/oberdiek\epstopdf-base.sty"
Package: epstopdf-base 2016/05/15 v2.6 Base part for package epstopdf

("C:\Program Files\MiKTeX 2.9\tex/generic/oberdiek\infwarerr.sty"
Package: infwarerr 2016/05/16 v1.4 Providing info/warning/error messages (HO)
)
("C:\Program Files\MiKTeX 2.9\tex/latex/oberdiek\grfext.sty"
Package: grfext 2016/05/16 v1.2 Manage graphics extensions (HO)

("C:\Program Files\MiKTeX 2.9\tex/generic/oberdiek\kvdefinekeys.sty"
Package: kvdefinekeys 2016/05/16 v1.4 Define keys (HO)

("C:\Program Files\MiKTeX 2.9\tex/generic/oberdiek\ltxcmds.sty"
Package: ltxcmds 2016/05/16 v1.23 LaTeX kernel commands for general use (HO)
)))
("C:\Program Files\MiKTeX 2.9\tex/latex/oberdiek\kvoptions.sty"
Package: kvoptions 2016/05/16 v3.12 Key value format for package options (HO)

("C:\Program Files\MiKTeX 2.9\tex/generic/oberdiek\kvsetkeys.sty"
Package: kvsetkeys 2016/05/16 v1.17 Key value parser (HO)

("C:\Program Files\MiKTeX 2.9\tex/generic/oberdiek\etexcmds.sty"
Package: etexcmds 2016/05/16 v1.6 Avoid name clashes with e-TeX commands (HO)

("C:\Program Files\MiKTeX 2.9\tex/generic/oberdiek\ifluatex.sty"
Package: ifluatex 2016/05/16 v1.4 Provides the ifluatex switch (HO)
Package ifluatex Info: LuaTeX not detected.
))))
("C:\Program Files\MiKTeX 2.9\tex/generic/oberdiek\pdftexcmds.sty"
Package: pdftexcmds 2018/09/10 v0.29 Utility functions of pdfTeX for LuaTeX (HO
)

("C:\Program Files\MiKTeX 2.9\tex/generic/oberdiek\ifpdf.sty"
Package: ifpdf 2018/09/07 v3.3 Provides the ifpdf switch
)
Package pdftexcmds Info: LuaTeX not detected.
Package pdftexcmds Info: \pdf@primitive is available.
Package pdftexcmds Info: \pdf@ifprimitive is available.
Package pdftexcmds Info: \pdfdraftmode found.
)
Package epstopdf-base Info: Redefining graphics rule for `.eps' on input line 4
38.
Package grfext Info: Graphics extension search list:
(grfext)             [.pdf,.png,.jpg,.mps,.jpeg,.jbig2,.jb2,.PDF,.PNG,.JPG,.JPE
G,.JBIG2,.JB2,.eps]
(grfext)             \AppendGraphicsExtensions on input line 456.
))
("C:\Program Files\MiKTeX 2.9\tex/latex/was\gensymb.sty"
Package: gensymb 2003/07/02 v1.0 (WaS)
)
("C:\Program Files\MiKTeX 2.9\tex/latex/tabulary\tabulary.sty"
Package: tabulary 2014/06/11 v0.10 tabulary package (DPC)

("C:\Program Files\MiKTeX 2.9\tex/latex/tools\array.sty"
Package: array 2018/12/30 v2.4k Tabular extension package (FMi)
\col@sep=\dimen116
\ar@mcellbox=\box33
\extrarowheight=\dimen117
\NC@list=\toks25
\extratabsurround=\skip46
\backup@length=\skip47
\ar@cellbox=\box34
)
\TY@count=\count102
\TY@linewidth=\dimen118
\tymin=\dimen119
\tymax=\dimen120
\TY@tablewidth=\dimen121
)
("C:\Program Files\MiKTeX 2.9\tex/latex/units\nicefrac.sty"
Package: nicefrac 1998/08/04 v0.9b Nice fractions
\L@UnitsRaiseDisplaystyle=\skip48
\L@UnitsRaiseTextstyle=\skip49
\L@UnitsRaiseScriptstyle=\skip50

("C:\Program Files\MiKTeX 2.9\tex/latex/base\ifthen.sty"
Package: ifthen 2014/09/29 v1.1c Standard LaTeX ifthen package (DPC)
))
\@indexfile=\write3
\openout3 = `rawdiss.idx'.


Writing index file rawdiss.idx
(rawdiss.aux)
\openout1 = `rawdiss.aux'.

LaTeX Font Info:    Checking defaults for OML/cmm/m/it on input line 42.
LaTeX Font Info:    ... okay on input line 42.
LaTeX Font Info:    Checking defaults for T1/cmr/m/n on input line 42.
LaTeX Font Info:    ... okay on input line 42.
LaTeX Font Info:    Checking defaults for OT1/cmr/m/n on input line 42.
LaTeX Font Info:    ... okay on input line 42.
LaTeX Font Info:    Checking defaults for OMS/cmsy/m/n on input line 42.
LaTeX Font Info:    ... okay on input line 42.
LaTeX Font Info:    Checking defaults for OMX/cmex/m/n on input line 42.
LaTeX Font Info:    ... okay on input line 42.
LaTeX Font Info:    Checking defaults for U/cmr/m/n on input line 42.
LaTeX Font Info:    ... okay on input line 42.
 ("C:\Program Files\MiKTeX 2.9\tex/context/base/mkii\supp-pdf.mkii"
[Loading MPS to PDF converter (version 2006.09.02).]
\scratchcounter=\count103
\scratchdimen=\dimen122
\scratchbox=\box35
\nofMPsegments=\count104
\nofMParguments=\count105
\everyMPshowfont=\toks26
\MPscratchCnt=\count106
\MPscratchDim=\dimen123
\MPnumerator=\count107
\makeMPintoPDFobject=\count108
\everyMPtoPDFconversion=\toks27
)
LaTeX Info: Redefining \celsius on input line 42.
Package gensymb Info: Faking symbols for \degree and \celsius on input line 42.



Package gensymb Warning: Not defining \perthousand.

LaTeX Info: Redefining \ohm on input line 42.
Package gensymb Info: Using \Omega for \ohm on input line 42.

Package gensymb Warning: Not defining \micro.

\@float@every@table=\toks28
\@float@every@figure=\toks29
(abstract.tex
Underfull \hbox (badness 10000) in paragraph at lines 2--3

 []

LaTeX Font Info:    Try loading font information for U+msa on input line 9.
("C:\Program Files\MiKTeX 2.9\tex/latex/amsfonts\umsa.fd"
File: umsa.fd 2013/01/14 v3.01 AMS symbols A
)
LaTeX Font Info:    Try loading font information for U+msb on input line 9.

("C:\Program Files\MiKTeX 2.9\tex/latex/amsfonts\umsb.fd"
File: umsb.fd 2013/01/14 v3.01 AMS symbols B
)) [1

{C:/Users/tjhag/AppData/Local/MiKTeX/2.9/pdftex/config/pdftex.map}] [1] [2] (ra
wdiss.toc
[3

] [4])
\tf@toc=\write4
\openout4 = `rawdiss.toc'.

 [5] (rawdiss.lof [6

])
\tf@lof=\write5
\openout5 = `rawdiss.lof'.

 [7] (rawdiss.lot)
\tf@lot=\write6
\openout6 = `rawdiss.lot'.

 [8

] (acknowledgements.tex)
[9

]
Chapter 1.
(Intro/main.tex) [1

]
Chapter 2.
(chap1-intro/main.tex (chap1-intro/history.tex) [2

] (chap1-intro/e_scat.tex
[3] [4]) (chap1-intro/bj_scale.tex [5] [6]) (chap1-intro/f2.tex [7] [8]
Overfull \hbox (4.8015pt too wide) in paragraph at lines 76--77
[]\OT1/cmr/bx/n/12 INSERT PLOT FROM TALKS SHOW-ING NACHT-MANN IN-EQUAL-
 []

) (chap1-intro/r.tex [9] [10]) (chap1-intro/f2r.tex [11]) (chap1-intro/emc.tex)
) [12]
Chapter 3.
(EMC/main.tex (EMC/history.tex) [13

] (EMC/regions.tex)) [14]
Chapter 4.
(chap2-exp/main.tex (chap2-exp/HRS.tex [15

] [16]
<./chap2-exp/fig/shower_layout.png, id=95, 901.86937pt x 562.35094pt>
File: ./chap2-exp/fig/shower_layout.png Graphic file (type png)
<use ./chap2-exp/fig/shower_layout.png>
Package pdftex.def Info: ./chap2-exp/fig/shower_layout.png  used on input line 
36.
(pdftex.def)             Requested size: 433.62pt x 270.38016pt.
) (chap2-exp/raster.tex
[17 <./chap2-exp/fig/shower_layout.png>]
<./chap2-exp/fig/raster_pic.jpg, id=99, 2021.5525pt x 424.58624pt>
File: ./chap2-exp/fig/raster_pic.jpg Graphic file (type jpg)
<use ./chap2-exp/fig/raster_pic.jpg>
Package pdftex.def Info: ./chap2-exp/fig/raster_pic.jpg  used on input line 14.

(pdftex.def)             Requested size: 433.62pt x 91.07047pt.
 [18 <./chap2-exp/fig/raster_pic.jpg>]

LaTeX Warning: Citation `rast_current' on page 19 undefined on input line 21.

Package epstopdf Info: Source file: <./chap2-exp/fig/ex_rast.eps>
(epstopdf)                    date: 2019-05-07 21:58:38
(epstopdf)                    size: 10591 bytes
(epstopdf)             Output file: <./chap2-exp/fig/ex_rast-eps-converted-to.p
df>
(epstopdf)                    date: 2019-05-20 21:46:10
(epstopdf)                    size: 3899 bytes
(epstopdf)             Command: <epstopdf --outfile=./chap2-exp/fig/ex_rast-eps
-converted-to.pdf ./chap2-exp/fig/ex_rast.eps>
(epstopdf)             \includegraphics on input line 24.
Package epstopdf Info: Output file is already uptodate.


pdfTeX warning: pdflatex (file ./chap2-exp/fig/ex_rast-eps-converted-to.pdf): P
DF inclusion: found PDF version <1.7>, but at most version <1.5> allowed
<./chap2-exp/fig/ex_rast-eps-converted-to.pdf, id=103, 569.12625pt x 386.44376p
t>
File: ./chap2-exp/fig/ex_rast-eps-converted-to.pdf Graphic file (type pdf)
<use ./chap2-exp/fig/ex_rast-eps-converted-to.pdf>
Package pdftex.def Info: ./chap2-exp/fig/ex_rast-eps-converted-to.pdf  used on 
input line 24.
(pdftex.def)             Requested size: 433.62pt x 294.44917pt.
<./chap2-exp/fig/raster_sync.png, id=104, 986.9372pt x 680.5425pt>
File: ./chap2-exp/fig/raster_sync.png Graphic file (type png)
<use ./chap2-exp/fig/raster_sync.png>
Package pdftex.def Info: ./chap2-exp/fig/raster_sync.png  used on input line 30
.
(pdftex.def)             Requested size: 433.62pt x 299.00348pt.
) (chap2-exp/target.tex [19] [20 <./chap2-exp/fig/ex_rast-eps-converted-to.pdf>
] [21 <./chap2-exp/fig/raster_sync.png>]
LaTeX Font Info:    Try loading font information for OMS+cmr on input line 9.

("C:\Program Files\MiKTeX 2.9\tex/latex/base\omscmr.fd"
File: omscmr.fd 2014/09/29 v2.5h Standard LaTeX font definitions
)
LaTeX Font Info:    Font shape `OMS/cmr/m/n' in size <12> not available
(Font)              Font shape `OMS/cmsy/m/n' tried instead on input line 9.
 [22])) [23]
Chapter 5.
(chap3-analysis/main.tex (chap3-analysis/calib.tex
(chap3-analysis/raster_calib.tex [24

] [25]
Package epstopdf Info: Source file: <./chap3-analysis/fig/sig_hard.eps>
(epstopdf)                    date: 2019-04-25 15:44:15
(epstopdf)                    size: 33299 bytes
(epstopdf)             Output file: <./chap3-analysis/fig/sig_hard-eps-converte
d-to.pdf>
(epstopdf)                    date: 2019-04-25 15:47:04
(epstopdf)                    size: 16196 bytes
(epstopdf)             Command: <epstopdf --outfile=./chap3-analysis/fig/sig_ha
rd-eps-converted-to.pdf ./chap3-analysis/fig/sig_hard.eps>
(epstopdf)             \includegraphics on input line 23.
Package epstopdf Info: Output file is already uptodate.


pdfTeX warning: pdflatex (file ./chap3-analysis/fig/sig_hard-eps-converted-to.p
df): PDF inclusion: found PDF version <1.7>, but at most version <1.5> allowed
<./chap3-analysis/fig/sig_hard-eps-converted-to.pdf, id=130, 1156.32pt x 650.43
pt>
File: ./chap3-analysis/fig/sig_hard-eps-converted-to.pdf Graphic file (type pdf
)
<use ./chap3-analysis/fig/sig_hard-eps-converted-to.pdf>
Package pdftex.def Info: ./chap3-analysis/fig/sig_hard-eps-converted-to.pdf  us
ed on input line 23.
(pdftex.def)             Requested size: 433.62pt x 243.91064pt.
[26 <./chap3-analysis/fig/sig_hard-eps-converted-to.pdf>]
Package epstopdf Info: Source file: <./chap3-analysis/fig/final_chole_fit.eps>
(epstopdf)                    date: 2019-04-25 15:44:15
(epstopdf)                    size: 119014 bytes
(epstopdf)             Output file: <./chap3-analysis/fig/final_chole_fit-eps-c
onverted-to.pdf>
(epstopdf)                    date: 2019-04-25 15:47:05
(epstopdf)                    size: 29594 bytes
(epstopdf)             Command: <epstopdf --outfile=./chap3-analysis/fig/final_
chole_fit-eps-converted-to.pdf ./chap3-analysis/fig/final_chole_fit.eps>
(epstopdf)             \includegraphics on input line 53.
Package epstopdf Info: Output file is already uptodate.


pdfTeX warning: pdflatex (file ./chap3-analysis/fig/final_chole_fit-eps-convert
ed-to.pdf): PDF inclusion: found PDF version <1.7>, but at most version <1.5> a
llowed
<./chap3-analysis/fig/final_chole_fit-eps-converted-to.pdf, id=169, 569.12625pt
 x 386.44376pt>
File: ./chap3-analysis/fig/final_chole_fit-eps-converted-to.pdf Graphic file (t
ype pdf)
<use ./chap3-analysis/fig/final_chole_fit-eps-converted-to.pdf>
Package pdftex.def Info: ./chap3-analysis/fig/final_chole_fit-eps-converted-to.
pdf  used on input line 53.
(pdftex.def)             Requested size: 433.62pt x 294.44917pt.
[27] [28 <./chap3-analysis/fig/final_chole_fit-eps-converted-to.pdf>]
Package epstopdf Info: Source file: <./chap3-analysis/fig/old1_zvx.eps>
(epstopdf)                    date: 2019-04-25 15:44:15
(epstopdf)                    size: 824845 bytes
(epstopdf)             Output file: <./chap3-analysis/fig/old1_zvx-eps-converte
d-to.pdf>
(epstopdf)                    date: 2019-04-25 15:47:07
(epstopdf)                    size: 3491531 bytes
(epstopdf)             Command: <epstopdf --outfile=./chap3-analysis/fig/old1_z
vx-eps-converted-to.pdf ./chap3-analysis/fig/old1_zvx.eps>
(epstopdf)             \includegraphics on input line 67.
Package epstopdf Info: Output file is already uptodate.


pdfTeX warning: pdflatex (file ./chap3-analysis/fig/old1_zvx-eps-converted-to.p
df): PDF inclusion: found PDF version <1.7>, but at most version <1.5> allowed
<./chap3-analysis/fig/old1_zvx-eps-converted-to.pdf, id=182, 569.12625pt x 386.
44376pt>
File: ./chap3-analysis/fig/old1_zvx-eps-converted-to.pdf Graphic file (type pdf
)
<use ./chap3-analysis/fig/old1_zvx-eps-converted-to.pdf>
Package pdftex.def Info: ./chap3-analysis/fig/old1_zvx-eps-converted-to.pdf  us
ed on input line 67.
(pdftex.def)             Requested size: 433.62pt x 294.44917pt.
Package epstopdf Info: Source file: <./chap3-analysis/fig/old1_avgz_nofit.eps>
(epstopdf)                    date: 2019-04-25 15:44:15
(epstopdf)                    size: 12941 bytes
(epstopdf)             Output file: <./chap3-analysis/fig/old1_avgz_nofit-eps-c
onverted-to.pdf>
(epstopdf)                    date: 2019-04-25 15:47:08
(epstopdf)                    size: 6009 bytes
(epstopdf)             Command: <epstopdf --outfile=./chap3-analysis/fig/old1_a
vgz_nofit-eps-converted-to.pdf ./chap3-analysis/fig/old1_avgz_nofit.eps>
(epstopdf)             \includegraphics on input line 68.
Package epstopdf Info: Output file is already uptodate.


pdfTeX warning: pdflatex (file ./chap3-analysis/fig/old1_avgz_nofit-eps-convert
ed-to.pdf): PDF inclusion: found PDF version <1.7>, but at most version <1.5> a
llowed
<./chap3-analysis/fig/old1_avgz_nofit-eps-converted-to.pdf, id=183, 569.12625pt
 x 386.44376pt>
File: ./chap3-analysis/fig/old1_avgz_nofit-eps-converted-to.pdf Graphic file (t
ype pdf)
<use ./chap3-analysis/fig/old1_avgz_nofit-eps-converted-to.pdf>
Package pdftex.def Info: ./chap3-analysis/fig/old1_avgz_nofit-eps-converted-to.
pdf  used on input line 68.
(pdftex.def)             Requested size: 433.62pt x 294.44917pt.

LaTeX Warning: Float too large for page by 51.7176pt on input line 70.

Package epstopdf Info: Source file: <./chap3-analysis/fig/old1_avgz.eps>
(epstopdf)                    date: 2019-04-25 15:44:15
(epstopdf)                    size: 17773 bytes
(epstopdf)             Output file: <./chap3-analysis/fig/old1_avgz-eps-convert
ed-to.pdf>
(epstopdf)                    date: 2019-04-25 15:47:08
(epstopdf)                    size: 7107 bytes
(epstopdf)             Command: <epstopdf --outfile=./chap3-analysis/fig/old1_a
vgz-eps-converted-to.pdf ./chap3-analysis/fig/old1_avgz.eps>
(epstopdf)             \includegraphics on input line 73.
Package epstopdf Info: Output file is already uptodate.


pdfTeX warning: pdflatex (file ./chap3-analysis/fig/old1_avgz-eps-converted-to.
pdf): PDF inclusion: found PDF version <1.7>, but at most version <1.5> allowed

<./chap3-analysis/fig/old1_avgz-eps-converted-to.pdf, id=184, 569.12625pt x 386
.44376pt>
File: ./chap3-analysis/fig/old1_avgz-eps-converted-to.pdf Graphic file (type pd
f)
<use ./chap3-analysis/fig/old1_avgz-eps-converted-to.pdf>
Package pdftex.def Info: ./chap3-analysis/fig/old1_avgz-eps-converted-to.pdf  u
sed on input line 73.
(pdftex.def)             Requested size: 433.62pt x 294.44917pt.
Package epstopdf Info: Source file: <./chap3-analysis/fig/old2_avgz.eps>
(epstopdf)                    date: 2019-04-25 15:44:15
(epstopdf)                    size: 18023 bytes
(epstopdf)             Output file: <./chap3-analysis/fig/old2_avgz-eps-convert
ed-to.pdf>
(epstopdf)                    date: 2019-04-25 15:47:09
(epstopdf)                    size: 7203 bytes
(epstopdf)             Command: <epstopdf --outfile=./chap3-analysis/fig/old2_a
vgz-eps-converted-to.pdf ./chap3-analysis/fig/old2_avgz.eps>
(epstopdf)             \includegraphics on input line 74.
Package epstopdf Info: Output file is already uptodate.


pdfTeX warning: pdflatex (file ./chap3-analysis/fig/old2_avgz-eps-converted-to.
pdf): PDF inclusion: found PDF version <1.7>, but at most version <1.5> allowed

<./chap3-analysis/fig/old2_avgz-eps-converted-to.pdf, id=185, 569.12625pt x 386
.44376pt>
File: ./chap3-analysis/fig/old2_avgz-eps-converted-to.pdf Graphic file (type pd
f)
<use ./chap3-analysis/fig/old2_avgz-eps-converted-to.pdf>
Package pdftex.def Info: ./chap3-analysis/fig/old2_avgz-eps-converted-to.pdf  u
sed on input line 74.
(pdftex.def)             Requested size: 433.62pt x 294.44917pt.

LaTeX Warning: Float too large for page by 37.8557pt on input line 76.

Package epstopdf Info: Source file: <./chap3-analysis/fig/final_avgz.eps>
(epstopdf)                    date: 2019-04-25 15:44:15
(epstopdf)                    size: 17705 bytes
(epstopdf)             Output file: <./chap3-analysis/fig/final_avgz-eps-conver
ted-to.pdf>
(epstopdf)                    date: 2019-04-25 15:47:09
(epstopdf)                    size: 7153 bytes
(epstopdf)             Command: <epstopdf --outfile=./chap3-analysis/fig/final_
avgz-eps-converted-to.pdf ./chap3-analysis/fig/final_avgz.eps>
(epstopdf)             \includegraphics on input line 78.
Package epstopdf Info: Output file is already uptodate.


pdfTeX warning: pdflatex (file ./chap3-analysis/fig/final_avgz-eps-converted-to
.pdf): PDF inclusion: found PDF version <1.7>, but at most version <1.5> allowe
d
<./chap3-analysis/fig/final_avgz-eps-converted-to.pdf, id=186, 569.12625pt x 38
6.44376pt>
File: ./chap3-analysis/fig/final_avgz-eps-converted-to.pdf Graphic file (type p
df)
<use ./chap3-analysis/fig/final_avgz-eps-converted-to.pdf>
Package pdftex.def Info: ./chap3-analysis/fig/final_avgz-eps-converted-to.pdf  
used on input line 78.
(pdftex.def)             Requested size: 433.62pt x 294.44917pt.
[29] [30 <./chap3-analysis/fig/old1_zvx-eps-converted-to.pdf> <./chap3-analysis
/fig/old1_avgz_nofit-eps-converted-to.pdf>] [31 <./chap3-analysis/fig/old1_avgz
-eps-converted-to.pdf> <./chap3-analysis/fig/old2_avgz-eps-converted-to.pdf>]
[32 <./chap3-analysis/fig/final_avgz-eps-converted-to.pdf>]))
(chap3-analysis/corrections.tex [33]
Package epstopdf Info: Source file: <./chap3-analysis/fig/boil_cor.eps>
(epstopdf)                    date: 2019-04-23 13:52:46
(epstopdf)                    size: 34664 bytes
(epstopdf)             Output file: <./chap3-analysis/fig/boil_cor-eps-converte
d-to.pdf>
(epstopdf)                    date: 2019-04-23 14:08:48
(epstopdf)                    size: 16978 bytes
(epstopdf)             Command: <epstopdf --outfile=./chap3-analysis/fig/boil_c
or-eps-converted-to.pdf ./chap3-analysis/fig/boil_cor.eps>
(epstopdf)             \includegraphics on input line 16.
Package epstopdf Info: Output file is already uptodate.


pdfTeX warning: pdflatex (file ./chap3-analysis/fig/boil_cor-eps-converted-to.p
df): PDF inclusion: found PDF version <1.7>, but at most version <1.5> allowed
<./chap3-analysis/fig/boil_cor-eps-converted-to.pdf, id=226, 1156.32pt x 650.43
pt>
File: ./chap3-analysis/fig/boil_cor-eps-converted-to.pdf Graphic file (type pdf
)
<use ./chap3-analysis/fig/boil_cor-eps-converted-to.pdf>
Package pdftex.def Info: ./chap3-analysis/fig/boil_cor-eps-converted-to.pdf  us
ed on input line 16.
(pdftex.def)             Requested size: 433.62pt x 243.91064pt.
Package epstopdf Info: Source file: <./chap3-analysis/fig/boil_yield_cor.eps>
(epstopdf)                    date: 2019-04-23 14:14:07
(epstopdf)                    size: 36475 bytes
(epstopdf)             Output file: <./chap3-analysis/fig/boil_yield_cor-eps-co
nverted-to.pdf>
(epstopdf)                    date: 2019-04-23 14:15:08
(epstopdf)                    size: 18436 bytes
(epstopdf)             Command: <epstopdf --outfile=./chap3-analysis/fig/boil_y
ield_cor-eps-converted-to.pdf ./chap3-analysis/fig/boil_yield_cor.eps>
(epstopdf)             \includegraphics on input line 22.
Package epstopdf Info: Output file is already uptodate.


pdfTeX warning: pdflatex (file ./chap3-analysis/fig/boil_yield_cor-eps-converte
d-to.pdf): PDF inclusion: found PDF version <1.7>, but at most version <1.5> al
lowed
<./chap3-analysis/fig/boil_yield_cor-eps-converted-to.pdf, id=227, 1156.32pt x 
650.43pt>
File: ./chap3-analysis/fig/boil_yield_cor-eps-converted-to.pdf Graphic file (ty
pe pdf)
<use ./chap3-analysis/fig/boil_yield_cor-eps-converted-to.pdf>
Package pdftex.def Info: ./chap3-analysis/fig/boil_yield_cor-eps-converted-to.p
df  used on input line 22.
(pdftex.def)             Requested size: 433.62pt x 243.91064pt.
[34 <./chap3-analysis/fig/boil_cor-eps-converted-to.pdf>] [35 <./chap3-analysis
/fig/boil_yield_cor-eps-converted-to.pdf>]
Package epstopdf Info: Source file: <./chap3-analysis/fig/positrons.eps>
(epstopdf)                    date: 2019-04-23 13:46:00
(epstopdf)                    size: 47303 bytes
(epstopdf)             Output file: <./chap3-analysis/fig/positrons-eps-convert
ed-to.pdf>
(epstopdf)                    date: 2019-04-23 14:22:48
(epstopdf)                    size: 21449 bytes
(epstopdf)             Command: <epstopdf --outfile=./chap3-analysis/fig/positr
ons-eps-converted-to.pdf ./chap3-analysis/fig/positrons.eps>
(epstopdf)             \includegraphics on input line 46.
Package epstopdf Info: Output file is already uptodate.


pdfTeX warning: pdflatex (file ./chap3-analysis/fig/positrons-eps-converted-to.
pdf): PDF inclusion: found PDF version <1.7>, but at most version <1.5> allowed

<./chap3-analysis/fig/positrons-eps-converted-to.pdf, id=320, 1156.32pt x 650.4
3pt>
File: ./chap3-analysis/fig/positrons-eps-converted-to.pdf Graphic file (type pd
f)
<use ./chap3-analysis/fig/positrons-eps-converted-to.pdf>
Package pdftex.def Info: ./chap3-analysis/fig/positrons-eps-converted-to.pdf  u
sed on input line 46.
(pdftex.def)             Requested size: 433.62pt x 243.91064pt.
[36]
Package epstopdf Info: Source file: <./chap3-analysis/fig/deadtime.eps>
(epstopdf)                    date: 2019-04-23 13:49:04
(epstopdf)                    size: 33272 bytes
(epstopdf)             Output file: <./chap3-analysis/fig/deadtime-eps-converte
d-to.pdf>
(epstopdf)                    date: 2019-04-23 14:22:48
(epstopdf)                    size: 17829 bytes
(epstopdf)             Command: <epstopdf --outfile=./chap3-analysis/fig/deadti
me-eps-converted-to.pdf ./chap3-analysis/fig/deadtime.eps>
(epstopdf)             \includegraphics on input line 68.
Package epstopdf Info: Output file is already uptodate.


pdfTeX warning: pdflatex (file ./chap3-analysis/fig/deadtime-eps-converted-to.p
df): PDF inclusion: found PDF version <1.7>, but at most version <1.5> allowed
<./chap3-analysis/fig/deadtime-eps-converted-to.pdf, id=324, 1156.32pt x 650.43
pt>
File: ./chap3-analysis/fig/deadtime-eps-converted-to.pdf Graphic file (type pdf
)
<use ./chap3-analysis/fig/deadtime-eps-converted-to.pdf>
Package pdftex.def Info: ./chap3-analysis/fig/deadtime-eps-converted-to.pdf  us
ed on input line 68.
(pdftex.def)             Requested size: 433.62pt x 243.91064pt.
)) [37 <./chap3-analysis/fig/positrons-eps-converted-to.pdf>] [38 <./chap3-anal
ysis/fig/deadtime-eps-converted-to.pdf>]
Chapter 6.
(chap4-results/main.tex) [39

]
Chapter A.
(app1/sections.tex) [40

] (bibliography.tex)
No file rawdiss.bbl.
[41

] (rawdiss.aux)

LaTeX Warning: There were undefined references.

 ) 
Here is how much of TeX's memory you used:
 3014 strings out of 492946
 42664 string characters out of 3135527
 107594 words of memory out of 3000000
 6730 multiletter control sequences out of 15000+200000
 11588 words of font info for 45 fonts, out of 3000000 for 9000
 1141 hyphenation exceptions out of 8191
 42i,11n,27p,1105b,220s stack positions out of 5000i,500n,10000p,200000b,50000s
<C:/Program Files/MiKTeX 2.9/fonts/type1/public/amsfonts/cm/cmbx12.pfb><C:/Pr
ogram Files/MiKTeX 2.9/fonts/type1/public/amsfonts/cm/cmex10.pfb><C:/Program Fi
les/MiKTeX 2.9/fonts/type1/public/amsfonts/cm/cmmi12.pfb><C:/Program Files/MiKT
eX 2.9/fonts/type1/public/amsfonts/cm/cmmi8.pfb><C:/Program Files/MiKTeX 2.9/fo
nts/type1/public/amsfonts/cm/cmr10.pfb><C:/Program Files/MiKTeX 2.9/fonts/type1
/public/amsfonts/cm/cmr12.pfb><C:/Program Files/MiKTeX 2.9/fonts/type1/public/a
msfonts/cm/cmr6.pfb><C:/Program Files/MiKTeX 2.9/fonts/type1/public/amsfonts/cm
/cmr7.pfb><C:/Program Files/MiKTeX 2.9/fonts/type1/public/amsfonts/cm/cmr8.pfb>
<C:/Program Files/MiKTeX 2.9/fonts/type1/public/amsfonts/cm/cmsy10.pfb><C:/Prog
ram Files/MiKTeX 2.9/fonts/type1/public/amsfonts/cm/cmsy6.pfb><C:/Program Files
/MiKTeX 2.9/fonts/type1/public/amsfonts/cm/cmsy8.pfb><C:/Program Files/MiKTeX 2
.9/fonts/type1/public/amsfonts/cm/cmti12.pfb>
Output written on rawdiss.pdf (51 pages, 4302052 bytes).
PDF statistics:
 463 PDF objects out of 1000 (max. 8388607)
 0 named destinations out of 1000 (max. 500000)
 76 words of extra memory for PDF output out of 10000 (max. 10000000)

